0 info it worked if it ends with ok
1 verbose cli [ '/usr/bin/node', '/usr/bin/npm', 'pub' ]
2 info using npm@1.4.3
3 info using node@v0.10.26
4 verbose node symlink /usr/bin/node
5 verbose publish [ '.' ]
6 verbose cache add [ '.', null ]
7 verbose cache add name=undefined spec="." args=[".",null]
8 verbose parsed url { protocol: null,
8 verbose parsed url   slashes: null,
8 verbose parsed url   auth: null,
8 verbose parsed url   host: null,
8 verbose parsed url   port: null,
8 verbose parsed url   hostname: null,
8 verbose parsed url   hash: null,
8 verbose parsed url   search: null,
8 verbose parsed url   query: null,
8 verbose parsed url   pathname: '.',
8 verbose parsed url   path: '.',
8 verbose parsed url   href: '.' }
9 silly lockFile 3a52ce78- .
10 verbose lock . /home/kory/.npm/3a52ce78-.lock
11 verbose tar pack [ '/home/kory/tmp/npm-29999-83QaB3Ke/1395967632059-0.9701764639467001/tmp.tgz',
11 verbose tar pack   '.' ]
12 verbose tarball /home/kory/tmp/npm-29999-83QaB3Ke/1395967632059-0.9701764639467001/tmp.tgz
13 verbose folder .
14 info prepublish scroll-into-view@1.0.2
15 silly lockFile 1f1177db-tar tar://.
16 verbose lock tar://. /home/kory/.npm/1f1177db-tar.lock
17 silly lockFile e5c2979c-32059-0-9701764639467001-tmp-tgz tar:///home/kory/tmp/npm-29999-83QaB3Ke/1395967632059-0.9701764639467001/tmp.tgz
18 verbose lock tar:///home/kory/tmp/npm-29999-83QaB3Ke/1395967632059-0.9701764639467001/tmp.tgz /home/kory/.npm/e5c2979c-32059-0-9701764639467001-tmp-tgz.lock
19 silly lockFile 1f1177db-tar tar://.
20 silly lockFile 1f1177db-tar tar://.
21 silly lockFile e5c2979c-32059-0-9701764639467001-tmp-tgz tar:///home/kory/tmp/npm-29999-83QaB3Ke/1395967632059-0.9701764639467001/tmp.tgz
22 silly lockFile e5c2979c-32059-0-9701764639467001-tmp-tgz tar:///home/kory/tmp/npm-29999-83QaB3Ke/1395967632059-0.9701764639467001/tmp.tgz
23 verbose tar unpack /home/kory/tmp/npm-29999-83QaB3Ke/1395967632059-0.9701764639467001/tmp.tgz
24 silly lockFile f446ae02-32059-0-9701764639467001-package tar:///home/kory/tmp/npm-29999-83QaB3Ke/1395967632059-0.9701764639467001/package
25 verbose lock tar:///home/kory/tmp/npm-29999-83QaB3Ke/1395967632059-0.9701764639467001/package /home/kory/.npm/f446ae02-32059-0-9701764639467001-package.lock
26 silly lockFile e5c2979c-32059-0-9701764639467001-tmp-tgz tar:///home/kory/tmp/npm-29999-83QaB3Ke/1395967632059-0.9701764639467001/tmp.tgz
27 verbose lock tar:///home/kory/tmp/npm-29999-83QaB3Ke/1395967632059-0.9701764639467001/tmp.tgz /home/kory/.npm/e5c2979c-32059-0-9701764639467001-tmp-tgz.lock
28 silly gunzTarPerm modes [ '755', '644' ]
29 silly gunzTarPerm extractEntry package.json
30 silly gunzTarPerm extractEntry .npmignore
31 silly gunzTarPerm extractEntry README.md
32 silly gunzTarPerm modified mode [ 'README.md', 438, 420 ]
33 silly gunzTarPerm extractEntry scrollIntoView.js
34 silly gunzTarPerm extractEntry test/test.js
35 silly gunzTarPerm extractEntry test/test2.js
36 silly gunzTarPerm extractEntry test/test.html
37 silly gunzTarPerm extractEntry test/test2.html
38 silly lockFile f446ae02-32059-0-9701764639467001-package tar:///home/kory/tmp/npm-29999-83QaB3Ke/1395967632059-0.9701764639467001/package
39 silly lockFile f446ae02-32059-0-9701764639467001-package tar:///home/kory/tmp/npm-29999-83QaB3Ke/1395967632059-0.9701764639467001/package
40 silly lockFile e5c2979c-32059-0-9701764639467001-tmp-tgz tar:///home/kory/tmp/npm-29999-83QaB3Ke/1395967632059-0.9701764639467001/tmp.tgz
41 silly lockFile e5c2979c-32059-0-9701764639467001-tmp-tgz tar:///home/kory/tmp/npm-29999-83QaB3Ke/1395967632059-0.9701764639467001/tmp.tgz
42 verbose tar pack [ '/home/kory/.npm/scroll-into-view/1.0.2/package.tgz',
42 verbose tar pack   '/home/kory/tmp/npm-29999-83QaB3Ke/1395967632059-0.9701764639467001/package' ]
43 verbose tarball /home/kory/.npm/scroll-into-view/1.0.2/package.tgz
44 verbose folder /home/kory/tmp/npm-29999-83QaB3Ke/1395967632059-0.9701764639467001/package
45 silly lockFile f446ae02-32059-0-9701764639467001-package tar:///home/kory/tmp/npm-29999-83QaB3Ke/1395967632059-0.9701764639467001/package
46 verbose lock tar:///home/kory/tmp/npm-29999-83QaB3Ke/1395967632059-0.9701764639467001/package /home/kory/.npm/f446ae02-32059-0-9701764639467001-package.lock
47 silly lockFile 554424e4-roll-into-view-1-0-2-package-tgz tar:///home/kory/.npm/scroll-into-view/1.0.2/package.tgz
48 verbose lock tar:///home/kory/.npm/scroll-into-view/1.0.2/package.tgz /home/kory/.npm/554424e4-roll-into-view-1-0-2-package-tgz.lock
49 silly lockFile f446ae02-32059-0-9701764639467001-package tar:///home/kory/tmp/npm-29999-83QaB3Ke/1395967632059-0.9701764639467001/package
50 silly lockFile f446ae02-32059-0-9701764639467001-package tar:///home/kory/tmp/npm-29999-83QaB3Ke/1395967632059-0.9701764639467001/package
51 silly lockFile 554424e4-roll-into-view-1-0-2-package-tgz tar:///home/kory/.npm/scroll-into-view/1.0.2/package.tgz
52 silly lockFile 554424e4-roll-into-view-1-0-2-package-tgz tar:///home/kory/.npm/scroll-into-view/1.0.2/package.tgz
53 silly lockFile 6bb9cd33-m-scroll-into-view-1-0-2-package /home/kory/.npm/scroll-into-view/1.0.2/package
54 verbose lock /home/kory/.npm/scroll-into-view/1.0.2/package /home/kory/.npm/6bb9cd33-m-scroll-into-view-1-0-2-package.lock
55 silly lockFile 6bb9cd33-m-scroll-into-view-1-0-2-package /home/kory/.npm/scroll-into-view/1.0.2/package
56 silly lockFile 6bb9cd33-m-scroll-into-view-1-0-2-package /home/kory/.npm/scroll-into-view/1.0.2/package
57 verbose tar unpack /home/kory/.npm/scroll-into-view/1.0.2/package.tgz
58 silly lockFile 431ba9fb-m-scroll-into-view-1-0-2-package tar:///home/kory/.npm/scroll-into-view/1.0.2/package
59 verbose lock tar:///home/kory/.npm/scroll-into-view/1.0.2/package /home/kory/.npm/431ba9fb-m-scroll-into-view-1-0-2-package.lock
60 silly lockFile 554424e4-roll-into-view-1-0-2-package-tgz tar:///home/kory/.npm/scroll-into-view/1.0.2/package.tgz
61 verbose lock tar:///home/kory/.npm/scroll-into-view/1.0.2/package.tgz /home/kory/.npm/554424e4-roll-into-view-1-0-2-package-tgz.lock
62 silly gunzTarPerm modes [ '755', '644' ]
63 silly gunzTarPerm extractEntry package.json
64 silly gunzTarPerm extractEntry .npmignore
65 silly gunzTarPerm extractEntry README.md
66 silly gunzTarPerm extractEntry scrollIntoView.js
67 silly gunzTarPerm extractEntry test/test.js
68 silly gunzTarPerm extractEntry test/test2.js
69 silly gunzTarPerm extractEntry test/test.html
70 silly gunzTarPerm extractEntry test/test2.html
71 silly lockFile 431ba9fb-m-scroll-into-view-1-0-2-package tar:///home/kory/.npm/scroll-into-view/1.0.2/package
72 silly lockFile 431ba9fb-m-scroll-into-view-1-0-2-package tar:///home/kory/.npm/scroll-into-view/1.0.2/package
73 silly lockFile 554424e4-roll-into-view-1-0-2-package-tgz tar:///home/kory/.npm/scroll-into-view/1.0.2/package.tgz
74 silly lockFile 554424e4-roll-into-view-1-0-2-package-tgz tar:///home/kory/.npm/scroll-into-view/1.0.2/package.tgz
75 verbose chmod /home/kory/.npm/scroll-into-view/1.0.2/package.tgz 644
76 verbose chown /home/kory/.npm/scroll-into-view/1.0.2/package.tgz [ 1000, 1000 ]
77 silly lockFile 3a52ce78- .
78 silly lockFile 3a52ce78- .
79 silly publish { name: 'scroll-into-view',
79 silly publish   version: '1.0.2',
79 silly publish   description: '## What',
79 silly publish   main: 'scrollIntoView.js',
79 silly publish   directories: { test: 'test' },
79 silly publish   scripts: { test: 'echo "Error: no test specified" && exit 1' },
79 silly publish   author: '',
79 silly publish   license: 'BSD',
79 silly publish   dependencies: { tape: '~2.1.0' },
79 silly publish   devDependencies: { tape: '~2.1.0', crel: '^1.1.1' },
79 silly publish   readme: '# scroll-into-view\n\n## What\n\nScroll\'s an element into view\n\n## How\n\nrequire it\n\n    var scrollIntoView = require(\'scroll-into-view\');\n\nuse it\n\n    scrollIntoView(someElement);',
79 silly publish   readmeFilename: 'README.md',
79 silly publish   _id: 'scroll-into-view@1.0.2',
79 silly publish   dist: { shasum: 'a6355cc10351211f091d7baf4c950758595f5cc7' },
79 silly publish   _from: '.' }
80 verbose url raw scroll-into-view
81 verbose url resolving [ 'https://registry.npmjs.org/', './scroll-into-view' ]
82 verbose url resolved https://registry.npmjs.org/scroll-into-view
83 info trying registry request attempt 1 at 10:47:12
84 http PUT https://registry.npmjs.org/scroll-into-view
85 http 403 https://registry.npmjs.org/scroll-into-view
86 error publish Failed PUT 403
87 error Error: forbidden cannot modify pre-existing version: 1.0.2
87 error old={"name":"scroll-into-view","version":"1.0.2","description":"## What","main":"scrollIntoView.js","directories":{"test":"test"},"scripts":{"test":"echo \"Error: no test specified\" && exit 1"},"author":"","license":"BSD","dependencies":{"tape":"~2.1.0"},"devDependencies":{"tape":"~2.1.0","crel":"^1.1.1"},"_id":"scroll-into-view@1.0.2","dist":{"shasum":"69b662babfe9f9e1a573da374a32cdb4b267b373","tarball":"http://registry.npmjs.org/scroll-into-view/-/scroll-into-view-1.0.2.tgz"},"_from":".","_npmVersion":"1.4.3","_npmUser":{"name":"korynunn","email":"knunn187@gmail.com"},"maintainers":[{"name":"korynunn","email":"knunn187@gmail.com"}]}
87 error new={"name":"scroll-into-view","version":"1.0.2","description":"## What","main":"scrollIntoView.js","directories":{"test":"test"},"scripts":{"test":"echo \"Error: no test specified\" && exit 1"},"author":"","license":"BSD","dependencies":{"tape":"~2.1.0"},"devDependencies":{"tape":"~2.1.0","crel":"^1.1.1"},"readme":"# scroll-into-view\u000a\u000a## What\u000a\u000aScroll's an element into view\u000a\u000a## How\u000a\u000arequire it\u000a\u000a    var scrollIntoView = require('scroll-into-view');\u000a\u000ause it\u000a\u000a    scrollIntoView(someElement);","readmeFilename":"README.md","_id":"scroll-into-view@1.0.2","dist":{"shasum":"a6355cc10351211f091d7baf4c950758595f5cc7","tarball":"http://registry.npmjs.org/scroll-into-view/-/scroll-into-view-1.0.2.tgz"},"_from":".","_npmVersion":"1.4.3","_npmUser":{"name":"korynunn","email":"knunn187@gmail.com"},"maintainers":[{"name":"korynunn","email":"knunn187@gmail.com"}]}: scroll-into-view
87 error     at RegClient.<anonymous> (/usr/lib/node_modules/npm/node_modules/npm-registry-client/lib/request.js:237:14)
87 error     at Request.self.callback (/usr/lib/node_modules/npm/node_modules/request/request.js:123:22)
87 error     at Request.EventEmitter.emit (events.js:98:17)
87 error     at Request.<anonymous> (/usr/lib/node_modules/npm/node_modules/request/request.js:893:14)
87 error     at Request.EventEmitter.emit (events.js:117:20)
87 error     at IncomingMessage.<anonymous> (/usr/lib/node_modules/npm/node_modules/request/request.js:844:12)
87 error     at IncomingMessage.EventEmitter.emit (events.js:117:20)
87 error     at _stream_readable.js:920:16
87 error     at process._tickCallback (node.js:415:13)
88 error If you need help, you may report this *entire* log,
88 error including the npm and node versions, at:
88 error     <http://github.com/npm/npm/issues>
89 error System Linux 3.11.0-12-generic
90 error command "/usr/bin/node" "/usr/bin/npm" "pub"
91 error cwd /home/kory/dev/scroll-into-view
92 error node -v v0.10.26
93 error npm -v 1.4.3
94 verbose exit [ 1, true ]
